<?xml version="1.0" encoding="UTF-8"?>
<testsuite xmlns:xsi="http://www.w3.org/2001/XMLSchema-instance" xsi:noNamespaceSchemaLocation="https://maven.apache.org/surefire/maven-surefire-plugin/xsd/surefire-test-report-3.0.xsd" version="3.0" name="com.mercadona.pedper.main.driving.controllers.TestApplication" time="0.005" tests="0" errors="0" skipped="0" failures="0">
  <properties>
    <property name="java.specification.version" value="21"/>
    <property name="sun.jnu.encoding" value="UTF-8"/>
    <property name="java.class.path" value="/Users/oromerji/mdona/pedper/pedper-back-web-main/driving/api-rest/target/test-classes:/Users/oromerji/mdona/pedper/pedper-back-web-main/driving/api-rest/target/classes:/Users/oromerji/.m2/repository/org/springframework/spring-web/6.1.5/spring-web-6.1.5.jar:/Users/oromerji/.m2/repository/org/springframework/spring-beans/6.1.5/spring-beans-6.1.5.jar:/Users/oromerji/.m2/repository/org/springframework/spring-core/6.1.5/spring-core-6.1.5.jar:/Users/oromerji/.m2/repository/org/springframework/spring-jcl/6.1.5/spring-jcl-6.1.5.jar:/Users/oromerji/.m2/repository/io/micrometer/micrometer-observation/1.12.4/micrometer-observation-1.12.4.jar:/Users/oromerji/.m2/repository/io/micrometer/micrometer-commons/1.12.4/micrometer-commons-1.12.4.jar:/Users/oromerji/.m2/repository/org/openapitools/openapi-generator/6.2.0/openapi-generator-6.2.0.jar:/Users/oromerji/.m2/repository/io/swagger/parser/v3/swagger-parser/2.1.1/swagger-parser-2.1.1.jar:/Users/oromerji/.m2/repository/io/swagger/parser/v3/swagger-parser-v2-converter/2.1.1/swagger-parser-v2-converter-2.1.1.jar:/Users/oromerji/.m2/repository/io/swagger/swagger-core/1.6.6/swagger-core-1.6.6.jar:/Users/oromerji/.m2/repository/io/swagger/swagger-models/1.6.6/swagger-models-1.6.6.jar:/Users/oromerji/.m2/repository/io/swagger/swagger-annotations/1.6.6/swagger-annotations-1.6.6.jar:/Users/oromerji/.m2/repository/javax/validation/validation-api/1.1.0.Final/validation-api-1.1.0.Final.jar:/Users/oromerji/.m2/repository/io/swagger/swagger-parser/1.0.61/swagger-parser-1.0.61.jar:/Users/oromerji/.m2/repository/io/swagger/swagger-compat-spec-parser/1.0.61/swagger-compat-spec-parser-1.0.61.jar:/Users/oromerji/.m2/repository/com/github/java-json-tools/json-schema-validator/2.2.14/json-schema-validator-2.2.14.jar:/Users/oromerji/.m2/repository/com/github/java-json-tools/jackson-coreutils-equivalence/1.0/jackson-coreutils-equivalence-1.0.jar:/Users/oromerji/.m2/repository/com/github/java-json-tools/json-schema-core/1.2.14/json-schema-core-1.2.14.jar:/Users/oromerji/.m2/repository/com/github/java-json-tools/uri-template/0.10/uri-template-0.10.jar:/Users/oromerji/.m2/repository/org/mozilla/rhino/1.7.7.2/rhino-1.7.7.2.jar:/Users/oromerji/.m2/repository/com/sun/mail/mailapi/1.6.2/mailapi-1.6.2.jar:/Users/oromerji/.m2/repository/com/googlecode/libphonenumber/libphonenumber/8.11.1/libphonenumber-8.11.1.jar:/Users/oromerji/.m2/repository/net/sf/jopt-simple/jopt-simple/5.0.4/jopt-simple-5.0.4.jar:/Users/oromerji/.m2/repository/com/github/java-json-tools/json-patch/1.13/json-patch-1.13.jar:/Users/oromerji/.m2/repository/com/github/java-json-tools/msg-simple/1.2/msg-simple-1.2.jar:/Users/oromerji/.m2/repository/com/github/java-json-tools/btf/1.3/btf-1.3.jar:/Users/oromerji/.m2/repository/com/github/java-json-tools/jackson-coreutils/2.0/jackson-coreutils-2.0.jar:/Users/oromerji/.m2/repository/org/apache/httpcomponents/httpclient/4.5.13/httpclient-4.5.13.jar:/Users/oromerji/.m2/repository/org/apache/httpcomponents/httpcore/4.4.16/httpcore-4.4.16.jar:/Users/oromerji/.m2/repository/commons-logging/commons-logging/1.2/commons-logging-1.2.jar:/Users/oromerji/.m2/repository/commons-codec/commons-codec/1.16.1/commons-codec-1.16.1.jar:/Users/oromerji/.m2/repository/io/swagger/core/v3/swagger-models/2.2.1/swagger-models-2.2.1.jar:/Users/oromerji/.m2/repository/io/swagger/parser/v3/swagger-parser-core/2.1.1/swagger-parser-core-2.1.1.jar:/Users/oromerji/.m2/repository/io/swagger/parser/v3/swagger-parser-v3/2.1.1/swagger-parser-v3-2.1.1.jar:/Users/oromerji/.m2/repository/io/swagger/core/v3/swagger-core/2.2.1/swagger-core-2.2.1.jar:/Users/oromerji/.m2/repository/com/fasterxml/jackson/datatype/jackson-datatype-jsr310/2.15.4/jackson-datatype-jsr310-2.15.4.jar:/Users/oromerji/.m2/repository/io/swagger/core/v3/swagger-annotations/2.2.1/swagger-annotations-2.2.1.jar:/Users/oromerji/.m2/repository/com/fasterxml/jackson/dataformat/jackson-dataformat-yaml/2.15.4/jackson-dataformat-yaml-2.15.4.jar:/Users/oromerji/.m2/repository/com/samskivert/jmustache/1.15/jmustache-1.15.jar:/Users/oromerji/.m2/repository/com/github/jknack/handlebars/4.2.1/handlebars-4.2.1.jar:/Users/oromerji/.m2/repository/com/github/jknack/handlebars-jackson2/4.2.1/handlebars-jackson2-4.2.1.jar:/Users/oromerji/.m2/repository/commons-io/commons-io/2.11.0/commons-io-2.11.0.jar:/Users/oromerji/.m2/repository/org/slf4j/slf4j-ext/2.0.12/slf4j-ext-2.0.12.jar:/Users/oromerji/.m2/repository/org/slf4j/slf4j-api/2.0.12/slf4j-api-2.0.12.jar:/Users/oromerji/.m2/repository/org/apache/commons/commons-lang3/3.13.0/commons-lang3-3.13.0.jar:/Users/oromerji/.m2/repository/org/apache/commons/commons-text/1.9/commons-text-1.9.jar:/Users/oromerji/.m2/repository/commons-cli/commons-cli/1.4/commons-cli-1.4.jar:/Users/oromerji/.m2/repository/com/google/guava/guava/30.1.1-jre/guava-30.1.1-jre.jar:/Users/oromerji/.m2/repository/com/google/guava/failureaccess/1.0.1/failureaccess-1.0.1.jar:/Users/oromerji/.m2/repository/com/google/guava/listenablefuture/9999.0-empty-to-avoid-conflict-with-guava/listenablefuture-9999.0-empty-to-avoid-conflict-with-guava.jar:/Users/oromerji/.m2/repository/com/google/code/findbugs/jsr305/3.0.2/jsr305-3.0.2.jar:/Users/oromerji/.m2/repository/org/checkerframework/checker-qual/3.8.0/checker-qual-3.8.0.jar:/Users/oromerji/.m2/repository/com/google/errorprone/error_prone_annotations/2.5.1/error_prone_annotations-2.5.1.jar:/Users/oromerji/.m2/repository/com/google/j2objc/j2objc-annotations/1.3/j2objc-annotations-1.3.jar:/Users/oromerji/.m2/repository/com/fasterxml/jackson/datatype/jackson-datatype-guava/2.15.4/jackson-datatype-guava-2.15.4.jar:/Users/oromerji/.m2/repository/com/fasterxml/jackson/core/jackson-core/2.15.4/jackson-core-2.15.4.jar:/Users/oromerji/.m2/repository/com/atlassian/commonmark/commonmark/0.11.0/commonmark-0.11.0.jar:/Users/oromerji/.m2/repository/com/github/mifmif/generex/1.0.2/generex-1.0.2.jar:/Users/oromerji/.m2/repository/dk/brics/automaton/automaton/1.11-8/automaton-1.11-8.jar:/Users/oromerji/.m2/repository/com/github/curious-odd-man/rgxgen/1.3/rgxgen-1.3.jar:/Users/oromerji/.m2/repository/com/fasterxml/jackson/core/jackson-databind/2.15.4/jackson-databind-2.15.4.jar:/Users/oromerji/.m2/repository/com/fasterxml/jackson/datatype/jackson-datatype-joda/2.15.4/jackson-datatype-joda-2.15.4.jar:/Users/oromerji/.m2/repository/joda-time/joda-time/2.10.14/joda-time-2.10.14.jar:/Users/oromerji/.m2/repository/com/github/joschi/jackson/jackson-datatype-threetenbp/2.10.0/jackson-datatype-threetenbp-2.10.0.jar:/Users/oromerji/.m2/repository/org/threeten/threetenbp/1.4.0/threetenbp-1.4.0.jar:/Users/oromerji/.m2/repository/org/openapitools/openapi-generator-core/6.2.0/openapi-generator-core-6.2.0.jar:/Users/oromerji/.m2/repository/net/java/dev/jna/jna/5.5.0/jna-5.5.0.jar:/Users/oromerji/.m2/repository/com/github/ben-manes/caffeine/caffeine/3.1.8/caffeine-3.1.8.jar:/Users/oromerji/.m2/repository/org/openapitools/jackson-databind-nullable/0.2.1/jackson-databind-nullable-0.2.1.jar:/Users/oromerji/.m2/repository/org/apache/commons/commons-collections4/4.4/commons-collections4-4.4.jar:/Users/oromerji/.m2/repository/org/springdoc/springdoc-openapi-ui/1.6.11/springdoc-openapi-ui-1.6.11.jar:/Users/oromerji/.m2/repository/org/springdoc/springdoc-openapi-webmvc-core/1.6.11/springdoc-openapi-webmvc-core-1.6.11.jar:/Users/oromerji/.m2/repository/org/springdoc/springdoc-openapi-common/1.6.11/springdoc-openapi-common-1.6.11.jar:/Users/oromerji/.m2/repository/org/springframework/boot/spring-boot-autoconfigure/3.2.4/spring-boot-autoconfigure-3.2.4.jar:/Users/oromerji/.m2/repository/org/springframework/spring-webmvc/6.1.5/spring-webmvc-6.1.5.jar:/Users/oromerji/.m2/repository/org/springframework/spring-expression/6.1.5/spring-expression-6.1.5.jar:/Users/oromerji/.m2/repository/org/webjars/swagger-ui/4.14.0/swagger-ui-4.14.0.jar:/Users/oromerji/.m2/repository/org/webjars/webjars-locator-core/0.55/webjars-locator-core-0.55.jar:/Users/oromerji/.m2/repository/io/github/classgraph/classgraph/4.8.149/classgraph-4.8.149.jar:/Users/oromerji/.m2/repository/jakarta/annotation/jakarta.annotation-api/2.1.1/jakarta.annotation-api-2.1.1.jar:/Users/oromerji/.m2/repository/jakarta/validation/jakarta.validation-api/3.0.2/jakarta.validation-api-3.0.2.jar:/Users/oromerji/.m2/repository/org/apache/tomcat/embed/tomcat-embed-core/10.1.19/tomcat-embed-core-10.1.19.jar:/Users/oromerji/.m2/repository/org/apache/tomcat/tomcat-annotations-api/10.1.19/tomcat-annotations-api-10.1.19.jar:/Users/oromerji/mdona/pedper/pedper-back-web-main/application/target/pedper-back-web-main-application-0.0.1.jar:/Users/oromerji/.m2/repository/org/xmlunit/xmlunit-core/2.9.1/xmlunit-core-2.9.1.jar:/Users/oromerji/.m2/repository/jakarta/xml/bind/jakarta.xml.bind-api/4.0.2/jakarta.xml.bind-api-4.0.2.jar:/Users/oromerji/.m2/repository/jakarta/activation/jakarta.activation-api/2.1.3/jakarta.activation-api-2.1.3.jar:/Users/oromerji/.m2/repository/org/springframework/boot/spring-boot-starter-aop/3.2.4/spring-boot-starter-aop-3.2.4.jar:/Users/oromerji/.m2/repository/org/springframework/boot/spring-boot-starter/3.2.4/spring-boot-starter-3.2.4.jar:/Users/oromerji/.m2/repository/org/springframework/boot/spring-boot/3.2.4/spring-boot-3.2.4.jar:/Users/oromerji/.m2/repository/org/springframework/boot/spring-boot-starter-logging/3.2.4/spring-boot-starter-logging-3.2.4.jar:/Users/oromerji/.m2/repository/ch/qos/logback/logback-classic/1.4.14/logback-classic-1.4.14.jar:/Users/oromerji/.m2/repository/ch/qos/logback/logback-core/1.4.14/logback-core-1.4.14.jar:/Users/oromerji/.m2/repository/org/apache/logging/log4j/log4j-to-slf4j/2.21.1/log4j-to-slf4j-2.21.1.jar:/Users/oromerji/.m2/repository/org/apache/logging/log4j/log4j-api/2.21.1/log4j-api-2.21.1.jar:/Users/oromerji/.m2/repository/org/slf4j/jul-to-slf4j/2.0.12/jul-to-slf4j-2.0.12.jar:/Users/oromerji/.m2/repository/org/yaml/snakeyaml/2.2/snakeyaml-2.2.jar:/Users/oromerji/.m2/repository/org/springframework/spring-aop/6.1.5/spring-aop-6.1.5.jar:/Users/oromerji/.m2/repository/org/aspectj/aspectjweaver/1.9.21/aspectjweaver-1.9.21.jar:/Users/oromerji/.m2/repository/com/fasterxml/jackson/core/jackson-annotations/2.15.4/jackson-annotations-2.15.4.jar:/Users/oromerji/.m2/repository/org/springframework/boot/spring-boot-starter-cache/3.2.4/spring-boot-starter-cache-3.2.4.jar:/Users/oromerji/.m2/repository/org/springframework/spring-context-support/6.1.5/spring-context-support-6.1.5.jar:/Users/oromerji/.m2/repository/io/jsonwebtoken/jjwt-api/0.12.5/jjwt-api-0.12.5.jar:/Users/oromerji/.m2/repository/io/jsonwebtoken/jjwt-impl/0.12.5/jjwt-impl-0.12.5.jar:/Users/oromerji/.m2/repository/io/jsonwebtoken/jjwt-jackson/0.12.5/jjwt-jackson-0.12.5.jar:/Users/oromerji/.m2/repository/org/hibernate/orm/hibernate-envers/6.4.4.Final/hibernate-envers-6.4.4.Final.jar:/Users/oromerji/.m2/repository/org/hibernate/orm/hibernate-core/6.4.4.Final/hibernate-core-6.4.4.Final.jar:/Users/oromerji/.m2/repository/jakarta/persistence/jakarta.persistence-api/3.1.0/jakarta.persistence-api-3.1.0.jar:/Users/oromerji/.m2/repository/jakarta/transaction/jakarta.transaction-api/2.0.1/jakarta.transaction-api-2.0.1.jar:/Users/oromerji/.m2/repository/com/fasterxml/classmate/1.6.0/classmate-1.6.0.jar:/Users/oromerji/.m2/repository/net/bytebuddy/byte-buddy/1.14.12/byte-buddy-1.14.12.jar:/Users/oromerji/.m2/repository/jakarta/inject/jakarta.inject-api/2.0.1/jakarta.inject-api-2.0.1.jar:/Users/oromerji/.m2/repository/org/jboss/logging/jboss-logging/3.5.3.Final/jboss-logging-3.5.3.Final.jar:/Users/oromerji/.m2/repository/org/glassfish/jaxb/jaxb-runtime/4.0.5/jaxb-runtime-4.0.5.jar:/Users/oromerji/.m2/repository/org/glassfish/jaxb/jaxb-core/4.0.5/jaxb-core-4.0.5.jar:/Users/oromerji/.m2/repository/org/eclipse/angus/angus-activation/2.0.2/angus-activation-2.0.2.jar:/Users/oromerji/.m2/repository/org/glassfish/jaxb/txw2/4.0.5/txw2-4.0.5.jar:/Users/oromerji/.m2/repository/com/sun/istack/istack-commons-runtime/4.1.2/istack-commons-runtime-4.1.2.jar:/Users/oromerji/.m2/repository/org/hibernate/common/hibernate-commons-annotations/6.0.6.Final/hibernate-commons-annotations-6.0.6.Final.jar:/Users/oromerji/.m2/repository/io/smallrye/jandex/3.1.2/jandex-3.1.2.jar:/Users/oromerji/.m2/repository/org/springframework/data/spring-data-jpa/3.2.4/spring-data-jpa-3.2.4.jar:/Users/oromerji/.m2/repository/org/springframework/data/spring-data-commons/3.2.4/spring-data-commons-3.2.4.jar:/Users/oromerji/.m2/repository/org/springframework/spring-orm/6.1.5/spring-orm-6.1.5.jar:/Users/oromerji/.m2/repository/org/springframework/spring-jdbc/6.1.5/spring-jdbc-6.1.5.jar:/Users/oromerji/.m2/repository/org/springframework/spring-context/6.1.5/spring-context-6.1.5.jar:/Users/oromerji/.m2/repository/org/springframework/spring-tx/6.1.5/spring-tx-6.1.5.jar:/Users/oromerji/.m2/repository/org/antlr/antlr4-runtime/4.13.0/antlr4-runtime-4.13.0.jar:/Users/oromerji/.m2/repository/org/projectlombok/lombok/1.18.30/lombok-1.18.30.jar:/Users/oromerji/.m2/repository/org/mapstruct/mapstruct/1.5.5.Final/mapstruct-1.5.5.Final.jar:/Users/oromerji/.m2/repository/org/mapstruct/mapstruct-processor/1.5.5.Final/mapstruct-processor-1.5.5.Final.jar:"/>
    <property name="java.vm.vendor" value="Homebrew"/>
    <property name="sun.arch.data.model" value="64"/>
    <property name="java.vendor.url" value="https://github.com/Homebrew/homebrew-core/issues"/>
    <property name="os.name" value="Mac OS X"/>
    <property name="java.vm.specification.version" value="21"/>
    <property name="sun.java.launcher" value="SUN_STANDARD"/>
    <property name="user.country" value="ES"/>
    <property name="sun.boot.library.path" value="/opt/homebrew/Cellar/openjdk@21/21.0.3/libexec/openjdk.jdk/Contents/Home/lib"/>
    <property name="sun.java.command" value="/Users/oromerji/mdona/pedper/pedper-back-web-main/driving/api-rest/target/surefire/surefirebooter-20241110163639799_3.jar /Users/oromerji/mdona/pedper/pedper-back-web-main/driving/api-rest/target/surefire 2024-11-10T16-36-36_311-jvmRun1 surefire-20241110163639799_1tmp surefire_0-20241110163639799_2tmp"/>
    <property name="jdk.debug" value="release"/>
    <property name="surefire.test.class.path" value="/Users/oromerji/mdona/pedper/pedper-back-web-main/driving/api-rest/target/test-classes:/Users/oromerji/mdona/pedper/pedper-back-web-main/driving/api-rest/target/classes:/Users/oromerji/.m2/repository/org/springframework/spring-web/6.1.5/spring-web-6.1.5.jar:/Users/oromerji/.m2/repository/org/springframework/spring-beans/6.1.5/spring-beans-6.1.5.jar:/Users/oromerji/.m2/repository/org/springframework/spring-core/6.1.5/spring-core-6.1.5.jar:/Users/oromerji/.m2/repository/org/springframework/spring-jcl/6.1.5/spring-jcl-6.1.5.jar:/Users/oromerji/.m2/repository/io/micrometer/micrometer-observation/1.12.4/micrometer-observation-1.12.4.jar:/Users/oromerji/.m2/repository/io/micrometer/micrometer-commons/1.12.4/micrometer-commons-1.12.4.jar:/Users/oromerji/.m2/repository/org/openapitools/openapi-generator/6.2.0/openapi-generator-6.2.0.jar:/Users/oromerji/.m2/repository/io/swagger/parser/v3/swagger-parser/2.1.1/swagger-parser-2.1.1.jar:/Users/oromerji/.m2/repository/io/swagger/parser/v3/swagger-parser-v2-converter/2.1.1/swagger-parser-v2-converter-2.1.1.jar:/Users/oromerji/.m2/repository/io/swagger/swagger-core/1.6.6/swagger-core-1.6.6.jar:/Users/oromerji/.m2/repository/io/swagger/swagger-models/1.6.6/swagger-models-1.6.6.jar:/Users/oromerji/.m2/repository/io/swagger/swagger-annotations/1.6.6/swagger-annotations-1.6.6.jar:/Users/oromerji/.m2/repository/javax/validation/validation-api/1.1.0.Final/validation-api-1.1.0.Final.jar:/Users/oromerji/.m2/repository/io/swagger/swagger-parser/1.0.61/swagger-parser-1.0.61.jar:/Users/oromerji/.m2/repository/io/swagger/swagger-compat-spec-parser/1.0.61/swagger-compat-spec-parser-1.0.61.jar:/Users/oromerji/.m2/repository/com/github/java-json-tools/json-schema-validator/2.2.14/json-schema-validator-2.2.14.jar:/Users/oromerji/.m2/repository/com/github/java-json-tools/jackson-coreutils-equivalence/1.0/jackson-coreutils-equivalence-1.0.jar:/Users/oromerji/.m2/repository/com/github/java-json-tools/json-schema-core/1.2.14/json-schema-core-1.2.14.jar:/Users/oromerji/.m2/repository/com/github/java-json-tools/uri-template/0.10/uri-template-0.10.jar:/Users/oromerji/.m2/repository/org/mozilla/rhino/1.7.7.2/rhino-1.7.7.2.jar:/Users/oromerji/.m2/repository/com/sun/mail/mailapi/1.6.2/mailapi-1.6.2.jar:/Users/oromerji/.m2/repository/com/googlecode/libphonenumber/libphonenumber/8.11.1/libphonenumber-8.11.1.jar:/Users/oromerji/.m2/repository/net/sf/jopt-simple/jopt-simple/5.0.4/jopt-simple-5.0.4.jar:/Users/oromerji/.m2/repository/com/github/java-json-tools/json-patch/1.13/json-patch-1.13.jar:/Users/oromerji/.m2/repository/com/github/java-json-tools/msg-simple/1.2/msg-simple-1.2.jar:/Users/oromerji/.m2/repository/com/github/java-json-tools/btf/1.3/btf-1.3.jar:/Users/oromerji/.m2/repository/com/github/java-json-tools/jackson-coreutils/2.0/jackson-coreutils-2.0.jar:/Users/oromerji/.m2/repository/org/apache/httpcomponents/httpclient/4.5.13/httpclient-4.5.13.jar:/Users/oromerji/.m2/repository/org/apache/httpcomponents/httpcore/4.4.16/httpcore-4.4.16.jar:/Users/oromerji/.m2/repository/commons-logging/commons-logging/1.2/commons-logging-1.2.jar:/Users/oromerji/.m2/repository/commons-codec/commons-codec/1.16.1/commons-codec-1.16.1.jar:/Users/oromerji/.m2/repository/io/swagger/core/v3/swagger-models/2.2.1/swagger-models-2.2.1.jar:/Users/oromerji/.m2/repository/io/swagger/parser/v3/swagger-parser-core/2.1.1/swagger-parser-core-2.1.1.jar:/Users/oromerji/.m2/repository/io/swagger/parser/v3/swagger-parser-v3/2.1.1/swagger-parser-v3-2.1.1.jar:/Users/oromerji/.m2/repository/io/swagger/core/v3/swagger-core/2.2.1/swagger-core-2.2.1.jar:/Users/oromerji/.m2/repository/com/fasterxml/jackson/datatype/jackson-datatype-jsr310/2.15.4/jackson-datatype-jsr310-2.15.4.jar:/Users/oromerji/.m2/repository/io/swagger/core/v3/swagger-annotations/2.2.1/swagger-annotations-2.2.1.jar:/Users/oromerji/.m2/repository/com/fasterxml/jackson/dataformat/jackson-dataformat-yaml/2.15.4/jackson-dataformat-yaml-2.15.4.jar:/Users/oromerji/.m2/repository/com/samskivert/jmustache/1.15/jmustache-1.15.jar:/Users/oromerji/.m2/repository/com/github/jknack/handlebars/4.2.1/handlebars-4.2.1.jar:/Users/oromerji/.m2/repository/com/github/jknack/handlebars-jackson2/4.2.1/handlebars-jackson2-4.2.1.jar:/Users/oromerji/.m2/repository/commons-io/commons-io/2.11.0/commons-io-2.11.0.jar:/Users/oromerji/.m2/repository/org/slf4j/slf4j-ext/2.0.12/slf4j-ext-2.0.12.jar:/Users/oromerji/.m2/repository/org/slf4j/slf4j-api/2.0.12/slf4j-api-2.0.12.jar:/Users/oromerji/.m2/repository/org/apache/commons/commons-lang3/3.13.0/commons-lang3-3.13.0.jar:/Users/oromerji/.m2/repository/org/apache/commons/commons-text/1.9/commons-text-1.9.jar:/Users/oromerji/.m2/repository/commons-cli/commons-cli/1.4/commons-cli-1.4.jar:/Users/oromerji/.m2/repository/com/google/guava/guava/30.1.1-jre/guava-30.1.1-jre.jar:/Users/oromerji/.m2/repository/com/google/guava/failureaccess/1.0.1/failureaccess-1.0.1.jar:/Users/oromerji/.m2/repository/com/google/guava/listenablefuture/9999.0-empty-to-avoid-conflict-with-guava/listenablefuture-9999.0-empty-to-avoid-conflict-with-guava.jar:/Users/oromerji/.m2/repository/com/google/code/findbugs/jsr305/3.0.2/jsr305-3.0.2.jar:/Users/oromerji/.m2/repository/org/checkerframework/checker-qual/3.8.0/checker-qual-3.8.0.jar:/Users/oromerji/.m2/repository/com/google/errorprone/error_prone_annotations/2.5.1/error_prone_annotations-2.5.1.jar:/Users/oromerji/.m2/repository/com/google/j2objc/j2objc-annotations/1.3/j2objc-annotations-1.3.jar:/Users/oromerji/.m2/repository/com/fasterxml/jackson/datatype/jackson-datatype-guava/2.15.4/jackson-datatype-guava-2.15.4.jar:/Users/oromerji/.m2/repository/com/fasterxml/jackson/core/jackson-core/2.15.4/jackson-core-2.15.4.jar:/Users/oromerji/.m2/repository/com/atlassian/commonmark/commonmark/0.11.0/commonmark-0.11.0.jar:/Users/oromerji/.m2/repository/com/github/mifmif/generex/1.0.2/generex-1.0.2.jar:/Users/oromerji/.m2/repository/dk/brics/automaton/automaton/1.11-8/automaton-1.11-8.jar:/Users/oromerji/.m2/repository/com/github/curious-odd-man/rgxgen/1.3/rgxgen-1.3.jar:/Users/oromerji/.m2/repository/com/fasterxml/jackson/core/jackson-databind/2.15.4/jackson-databind-2.15.4.jar:/Users/oromerji/.m2/repository/com/fasterxml/jackson/datatype/jackson-datatype-joda/2.15.4/jackson-datatype-joda-2.15.4.jar:/Users/oromerji/.m2/repository/joda-time/joda-time/2.10.14/joda-time-2.10.14.jar:/Users/oromerji/.m2/repository/com/github/joschi/jackson/jackson-datatype-threetenbp/2.10.0/jackson-datatype-threetenbp-2.10.0.jar:/Users/oromerji/.m2/repository/org/threeten/threetenbp/1.4.0/threetenbp-1.4.0.jar:/Users/oromerji/.m2/repository/org/openapitools/openapi-generator-core/6.2.0/openapi-generator-core-6.2.0.jar:/Users/oromerji/.m2/repository/net/java/dev/jna/jna/5.5.0/jna-5.5.0.jar:/Users/oromerji/.m2/repository/com/github/ben-manes/caffeine/caffeine/3.1.8/caffeine-3.1.8.jar:/Users/oromerji/.m2/repository/org/openapitools/jackson-databind-nullable/0.2.1/jackson-databind-nullable-0.2.1.jar:/Users/oromerji/.m2/repository/org/apache/commons/commons-collections4/4.4/commons-collections4-4.4.jar:/Users/oromerji/.m2/repository/org/springdoc/springdoc-openapi-ui/1.6.11/springdoc-openapi-ui-1.6.11.jar:/Users/oromerji/.m2/repository/org/springdoc/springdoc-openapi-webmvc-core/1.6.11/springdoc-openapi-webmvc-core-1.6.11.jar:/Users/oromerji/.m2/repository/org/springdoc/springdoc-openapi-common/1.6.11/springdoc-openapi-common-1.6.11.jar:/Users/oromerji/.m2/repository/org/springframework/boot/spring-boot-autoconfigure/3.2.4/spring-boot-autoconfigure-3.2.4.jar:/Users/oromerji/.m2/repository/org/springframework/spring-webmvc/6.1.5/spring-webmvc-6.1.5.jar:/Users/oromerji/.m2/repository/org/springframework/spring-expression/6.1.5/spring-expression-6.1.5.jar:/Users/oromerji/.m2/repository/org/webjars/swagger-ui/4.14.0/swagger-ui-4.14.0.jar:/Users/oromerji/.m2/repository/org/webjars/webjars-locator-core/0.55/webjars-locator-core-0.55.jar:/Users/oromerji/.m2/repository/io/github/classgraph/classgraph/4.8.149/classgraph-4.8.149.jar:/Users/oromerji/.m2/repository/jakarta/annotation/jakarta.annotation-api/2.1.1/jakarta.annotation-api-2.1.1.jar:/Users/oromerji/.m2/repository/jakarta/validation/jakarta.validation-api/3.0.2/jakarta.validation-api-3.0.2.jar:/Users/oromerji/.m2/repository/org/apache/tomcat/embed/tomcat-embed-core/10.1.19/tomcat-embed-core-10.1.19.jar:/Users/oromerji/.m2/repository/org/apache/tomcat/tomcat-annotations-api/10.1.19/tomcat-annotations-api-10.1.19.jar:/Users/oromerji/mdona/pedper/pedper-back-web-main/application/target/pedper-back-web-main-application-0.0.1.jar:/Users/oromerji/.m2/repository/org/xmlunit/xmlunit-core/2.9.1/xmlunit-core-2.9.1.jar:/Users/oromerji/.m2/repository/jakarta/xml/bind/jakarta.xml.bind-api/4.0.2/jakarta.xml.bind-api-4.0.2.jar:/Users/oromerji/.m2/repository/jakarta/activation/jakarta.activation-api/2.1.3/jakarta.activation-api-2.1.3.jar:/Users/oromerji/.m2/repository/org/springframework/boot/spring-boot-starter-aop/3.2.4/spring-boot-starter-aop-3.2.4.jar:/Users/oromerji/.m2/repository/org/springframework/boot/spring-boot-starter/3.2.4/spring-boot-starter-3.2.4.jar:/Users/oromerji/.m2/repository/org/springframework/boot/spring-boot/3.2.4/spring-boot-3.2.4.jar:/Users/oromerji/.m2/repository/org/springframework/boot/spring-boot-starter-logging/3.2.4/spring-boot-starter-logging-3.2.4.jar:/Users/oromerji/.m2/repository/ch/qos/logback/logback-classic/1.4.14/logback-classic-1.4.14.jar:/Users/oromerji/.m2/repository/ch/qos/logback/logback-core/1.4.14/logback-core-1.4.14.jar:/Users/oromerji/.m2/repository/org/apache/logging/log4j/log4j-to-slf4j/2.21.1/log4j-to-slf4j-2.21.1.jar:/Users/oromerji/.m2/repository/org/apache/logging/log4j/log4j-api/2.21.1/log4j-api-2.21.1.jar:/Users/oromerji/.m2/repository/org/slf4j/jul-to-slf4j/2.0.12/jul-to-slf4j-2.0.12.jar:/Users/oromerji/.m2/repository/org/yaml/snakeyaml/2.2/snakeyaml-2.2.jar:/Users/oromerji/.m2/repository/org/springframework/spring-aop/6.1.5/spring-aop-6.1.5.jar:/Users/oromerji/.m2/repository/org/aspectj/aspectjweaver/1.9.21/aspectjweaver-1.9.21.jar:/Users/oromerji/.m2/repository/com/fasterxml/jackson/core/jackson-annotations/2.15.4/jackson-annotations-2.15.4.jar:/Users/oromerji/.m2/repository/org/springframework/boot/spring-boot-starter-cache/3.2.4/spring-boot-starter-cache-3.2.4.jar:/Users/oromerji/.m2/repository/org/springframework/spring-context-support/6.1.5/spring-context-support-6.1.5.jar:/Users/oromerji/.m2/repository/io/jsonwebtoken/jjwt-api/0.12.5/jjwt-api-0.12.5.jar:/Users/oromerji/.m2/repository/io/jsonwebtoken/jjwt-impl/0.12.5/jjwt-impl-0.12.5.jar:/Users/oromerji/.m2/repository/io/jsonwebtoken/jjwt-jackson/0.12.5/jjwt-jackson-0.12.5.jar:/Users/oromerji/.m2/repository/org/hibernate/orm/hibernate-envers/6.4.4.Final/hibernate-envers-6.4.4.Final.jar:/Users/oromerji/.m2/repository/org/hibernate/orm/hibernate-core/6.4.4.Final/hibernate-core-6.4.4.Final.jar:/Users/oromerji/.m2/repository/jakarta/persistence/jakarta.persistence-api/3.1.0/jakarta.persistence-api-3.1.0.jar:/Users/oromerji/.m2/repository/jakarta/transaction/jakarta.transaction-api/2.0.1/jakarta.transaction-api-2.0.1.jar:/Users/oromerji/.m2/repository/com/fasterxml/classmate/1.6.0/classmate-1.6.0.jar:/Users/oromerji/.m2/repository/net/bytebuddy/byte-buddy/1.14.12/byte-buddy-1.14.12.jar:/Users/oromerji/.m2/repository/jakarta/inject/jakarta.inject-api/2.0.1/jakarta.inject-api-2.0.1.jar:/Users/oromerji/.m2/repository/org/jboss/logging/jboss-logging/3.5.3.Final/jboss-logging-3.5.3.Final.jar:/Users/oromerji/.m2/repository/org/glassfish/jaxb/jaxb-runtime/4.0.5/jaxb-runtime-4.0.5.jar:/Users/oromerji/.m2/repository/org/glassfish/jaxb/jaxb-core/4.0.5/jaxb-core-4.0.5.jar:/Users/oromerji/.m2/repository/org/eclipse/angus/angus-activation/2.0.2/angus-activation-2.0.2.jar:/Users/oromerji/.m2/repository/org/glassfish/jaxb/txw2/4.0.5/txw2-4.0.5.jar:/Users/oromerji/.m2/repository/com/sun/istack/istack-commons-runtime/4.1.2/istack-commons-runtime-4.1.2.jar:/Users/oromerji/.m2/repository/org/hibernate/common/hibernate-commons-annotations/6.0.6.Final/hibernate-commons-annotations-6.0.6.Final.jar:/Users/oromerji/.m2/repository/io/smallrye/jandex/3.1.2/jandex-3.1.2.jar:/Users/oromerji/.m2/repository/org/springframework/data/spring-data-jpa/3.2.4/spring-data-jpa-3.2.4.jar:/Users/oromerji/.m2/repository/org/springframework/data/spring-data-commons/3.2.4/spring-data-commons-3.2.4.jar:/Users/oromerji/.m2/repository/org/springframework/spring-orm/6.1.5/spring-orm-6.1.5.jar:/Users/oromerji/.m2/repository/org/springframework/spring-jdbc/6.1.5/spring-jdbc-6.1.5.jar:/Users/oromerji/.m2/repository/org/springframework/spring-context/6.1.5/spring-context-6.1.5.jar:/Users/oromerji/.m2/repository/org/springframework/spring-tx/6.1.5/spring-tx-6.1.5.jar:/Users/oromerji/.m2/repository/org/antlr/antlr4-runtime/4.13.0/antlr4-runtime-4.13.0.jar:/Users/oromerji/.m2/repository/org/projectlombok/lombok/1.18.30/lombok-1.18.30.jar:/Users/oromerji/.m2/repository/org/mapstruct/mapstruct/1.5.5.Final/mapstruct-1.5.5.Final.jar:/Users/oromerji/.m2/repository/org/mapstruct/mapstruct-processor/1.5.5.Final/mapstruct-processor-1.5.5.Final.jar:"/>
    <property name="sun.cpu.endian" value="little"/>
    <property name="user.home" value="/Users/oromerji"/>
    <property name="user.language" value="es"/>
    <property name="java.specification.vendor" value="Oracle Corporation"/>
    <property name="java.version.date" value="2024-04-16"/>
    <property name="java.home" value="/opt/homebrew/Cellar/openjdk@21/21.0.3/libexec/openjdk.jdk/Contents/Home"/>
    <property name="file.separator" value="/"/>
    <property name="basedir" value="/Users/oromerji/mdona/pedper/pedper-back-web-main/driving/api-rest"/>
    <property name="java.vm.compressedOopsMode" value="Zero based"/>
    <property name="line.separator" value="&#10;"/>
    <property name="java.specification.name" value="Java Platform API Specification"/>
    <property name="java.vm.specification.vendor" value="Oracle Corporation"/>
    <property name="apple.awt.application.name" value="ForkedBooter"/>
    <property name="surefire.real.class.path" value="/Users/oromerji/mdona/pedper/pedper-back-web-main/driving/api-rest/target/surefire/surefirebooter-20241110163639799_3.jar"/>
    <property name="sun.management.compiler" value="HotSpot 64-Bit Tiered Compilers"/>
    <property name="java.runtime.version" value="21.0.3"/>
    <property name="user.name" value="oromerji"/>
    <property name="stdout.encoding" value="UTF-8"/>
    <property name="path.separator" value=":"/>
    <property name="os.version" value="14.5"/>
    <property name="java.runtime.name" value="OpenJDK Runtime Environment"/>
    <property name="file.encoding" value="UTF-8"/>
    <property name="java.vm.name" value="OpenJDK 64-Bit Server VM"/>
    <property name="java.vendor.version" value="Homebrew"/>
    <property name="localRepository" value="/Users/oromerji/.m2/repository"/>
    <property name="java.vendor.url.bug" value="https://github.com/Homebrew/homebrew-core/issues"/>
    <property name="java.io.tmpdir" value="/var/folders/lx/yj8p94_512j_lgxd86r_zr2h0000gp/T/"/>
    <property name="java.version" value="21.0.3"/>
    <property name="user.dir" value="/Users/oromerji/mdona/pedper/pedper-back-web-main/driving/api-rest"/>
    <property name="os.arch" value="aarch64"/>
    <property name="java.vm.specification.name" value="Java Virtual Machine Specification"/>
    <property name="native.encoding" value="UTF-8"/>
    <property name="java.library.path" value="/Users/oromerji/Library/Java/Extensions:/Library/Java/Extensions:/Network/Library/Java/Extensions:/System/Library/Java/Extensions:/usr/lib/java:."/>
    <property name="java.vm.info" value="mixed mode, sharing"/>
    <property name="stderr.encoding" value="UTF-8"/>
    <property name="java.vendor" value="Homebrew"/>
    <property name="java.vm.version" value="21.0.3"/>
    <property name="sun.io.unicode.encoding" value="UnicodeBig"/>
    <property name="java.class.version" value="65.0"/>
  </properties>
</testsuite>